<?xml version="1.0" encoding="UTF-8"?>
<!-- Generated by org.testng.reporters.JUnitReportReporter -->
<testsuite hostname="rk-PC" name="automationFramework.TestCases.CustomersTest" tests="1" failures="0" timestamp="21 Apr 2016 21:47:47 GMT" time="12.180" errors="0">
  <testcase name="landingTest" time="12.180" classname="automationFramework.TestCases.CustomersTest"/>
</testsuite> <!-- automationFramework.TestCases.CustomersTest -->
