<?xml version="1.0" encoding="UTF-8"?>
<!-- Generated by org.testng.reporters.JUnitReportReporter -->
<testsuite hostname="rk-PC" name="automationFramework.TestCases.InventoryTest" tests="1" failures="0" timestamp="21 Apr 2016 21:47:47 GMT" time="13.553" errors="0">
  <testcase name="landingTest" time="13.553" classname="automationFramework.TestCases.InventoryTest"/>
</testsuite> <!-- automationFramework.TestCases.InventoryTest -->
