<?xml version="1.0" encoding="UTF-8"?>
<!-- Generated by org.testng.reporters.JUnitReportReporter -->
<testsuite hostname="rk-PC" name="automationFramework.TestCases.MixxenTest" tests="1" failures="0" timestamp="6 Apr 2016 22:27:20 GMT" time="86.376" errors="0">
  <testcase name="landingTest" time="86.376" classname="automationFramework.TestCases.MixxenTest"/>
</testsuite> <!-- automationFramework.TestCases.MixxenTest -->
