<?xml version="1.0" encoding="UTF-8"?>
<!-- Generated by org.testng.reporters.JUnitReportReporter -->
<testsuite hostname="rk-PC" name="automationFramework.TestCases.InventoryTest" tests="1" failures="0" timestamp="21 Apr 2016 19:30:53 GMT" time="9.790" errors="0">
  <testcase name="landingTest" time="9.790" classname="automationFramework.TestCases.InventoryTest"/>
</testsuite> <!-- automationFramework.TestCases.InventoryTest -->
